<?xml version="1.0" encoding="UTF-8"?>
<!-- Generated by org.testng.reporters.JUnitXMLReporter -->
<testsuite hostname="zheng" name="Practice2(failed)(failed)(failed)(failed)" tests="1" failures="1" timestamp="6 Mar 2014 16:23:10 GMT" time="38.159" errors="0">
  <testcase name="test2" time="5.254" classname="seleniumpractise.HomeWork">
    <failure type="org.openqa.selenium.InvalidSelectorException" message="The given selector //div[@id=&amp;apos;navtree&amp;apos;]/descendant::li[descendant::span[Contains(text(),&amp;apos;已发送&amp;apos;)]] is either invalid or does not result in a WebElement. The following error occurred:
InvalidSelectorError: Unable to locate an element with the xpath expression //div[@id=&amp;apos;navtree&amp;apos;]/descendant::li[descendant::span[Contains(text(),&amp;apos;已发送&amp;apos;)]] because of the following error:
[Exception... &amp;quot;The expression is not a legal expression.&amp;quot;  code: &amp;quot;12&amp;quot; nsresult: &amp;quot;0x805b0033 (SyntaxError)&amp;quot;  location: &amp;quot;&amp;lt;unknown&amp;gt;&amp;quot;]
Command duration or timeout: 23 milliseconds
For documentation on this error, please visit: http://seleniumhq.org/exceptions/invalid_selector_exception.html
Build info: version: &amp;apos;2.39.0&amp;apos;, revision: &amp;apos;14fa800511cc5d66d426e08b0b2ab926c7ed7398&amp;apos;, time: &amp;apos;2013-12-16 13:18:38&amp;apos;
System info: host: &amp;apos;zheng&amp;apos;, ip: &amp;apos;192.168.1.9&amp;apos;, os.name: &amp;apos;Windows 7&amp;apos;, os.arch: &amp;apos;amd64&amp;apos;, os.version: &amp;apos;6.1&amp;apos;, java.version: &amp;apos;1.7.0_09&amp;apos;
Session ID: 96f40ab1-5242-4871-92ad-0ed4faa674b4
Driver info: org.openqa.selenium.firefox.FirefoxDriver
Capabilities [{platform=XP, acceptSslCerts=true, javascriptEnabled=true, cssSelectorsEnabled=true, databaseEnabled=true, browserName=firefox, handlesAlerts=true, browserConnectionEnabled=true, webStorageEnabled=true, nativeEvents=false, rotatable=false, locationContextEnabled=true, applicationCacheEnabled=true, takesScreenshot=true, version=27.0.1}]">
      <![CDATA[org.openqa.selenium.InvalidSelectorException: The given selector //div[@id='navtree']/descendant::li[descendant::span[Contains(text(),'已发送')]] is either invalid or does not result in a WebElement. The following error occurred:
InvalidSelectorError: Unable to locate an element with the xpath expression //div[@id='navtree']/descendant::li[descendant::span[Contains(text(),'已发送')]] because of the following error:
[Exception... "The expression is not a legal expression."  code: "12" nsresult: "0x805b0033 (SyntaxError)"  location: "<unknown>"]
Command duration or timeout: 23 milliseconds
For documentation on this error, please visit: http://seleniumhq.org/exceptions/invalid_selector_exception.html
Build info: version: '2.39.0', revision: '14fa800511cc5d66d426e08b0b2ab926c7ed7398', time: '2013-12-16 13:18:38'
System info: host: 'zheng', ip: '192.168.1.9', os.name: 'Windows 7', os.arch: 'amd64', os.version: '6.1', java.version: '1.7.0_09'
Session ID: 96f40ab1-5242-4871-92ad-0ed4faa674b4
Driver info: org.openqa.selenium.firefox.FirefoxDriver
Capabilities [{platform=XP, acceptSslCerts=true, javascriptEnabled=true, cssSelectorsEnabled=true, databaseEnabled=true, browserName=firefox, handlesAlerts=true, browserConnectionEnabled=true, webStorageEnabled=true, nativeEvents=false, rotatable=false, locationContextEnabled=true, applicationCacheEnabled=true, takesScreenshot=true, version=27.0.1}]
	at org.openqa.selenium.remote.ErrorHandler.createThrowable(ErrorHandler.java:193)
	at org.openqa.selenium.remote.ErrorHandler.throwIfResponseFailed(ErrorHandler.java:145)
	at org.openqa.selenium.remote.RemoteWebDriver.execute(RemoteWebDriver.java:554)
	at org.openqa.selenium.remote.RemoteWebDriver.findElement(RemoteWebDriver.java:307)
	at org.openqa.selenium.remote.RemoteWebDriver.findElementByXPath(RemoteWebDriver.java:404)
	at org.openqa.selenium.By$ByXPath.findElement(By.java:363)
	at org.openqa.selenium.remote.RemoteWebDriver.findElement(RemoteWebDriver.java:299)
	at seleniumpractise.HomeWork.test2(HomeWork.java:70)
Caused by: org.openqa.selenium.remote.ErrorHandler$UnknownServerException: The given selector //div[@id='navtree']/descendant::li[descendant::span[Contains(text(),'已发送')]] is either invalid or does not result in a WebElement. The following error occurred:
InvalidSelectorError: Unable to locate an element with the xpath expression //div[@id='navtree']/descendant::li[descendant::span[Contains(text(),'已发送')]] because of the following error:
[Exception... "The expression is not a legal expression."  code: "12" nsresult: "0x805b0033 (SyntaxError)"  location: "<unknown>"]
Build info: version: '2.39.0', revision: '14fa800511cc5d66d426e08b0b2ab926c7ed7398', time: '2013-12-16 13:18:38'
System info: host: 'zheng', ip: '192.168.1.9', os.name: 'Windows 7', os.arch: 'amd64', os.version: '6.1', java.version: '1.7.0_09'
Driver info: driver.version: unknown
	at <anonymous class>.FirefoxDriver.annotateInvalidSelectorError_(file:///C:/Users/ZHENGT~1/AppData/Local/Temp/anonymous1962534295310170649webdriver-profile/extensions/fxdriver@googlecode.com/components/driver_component.js:8834)
	at <anonymous class>.FirefoxDriver.prototype.findElementInternal_(file:///C:/Users/ZHENGT~1/AppData/Local/Temp/anonymous1962534295310170649webdriver-profile/extensions/fxdriver@googlecode.com/components/driver_component.js:8865)
	at <anonymous class>.FirefoxDriver.prototype.findElement(file:///C:/Users/ZHENGT~1/AppData/Local/Temp/anonymous1962534295310170649webdriver-profile/extensions/fxdriver@googlecode.com/components/driver_component.js:8869)
	at <anonymous class>.DelayedCommand.prototype.executeInternal_/h(file:///C:/Users/ZHENGT~1/AppData/Local/Temp/anonymous1962534295310170649webdriver-profile/extensions/fxdriver@googlecode.com/components/command_processor.js:10831)
	at <anonymous class>.DelayedCommand.prototype.executeInternal_(file:///C:/Users/ZHENGT~1/AppData/Local/Temp/anonymous1962534295310170649webdriver-profile/extensions/fxdriver@googlecode.com/components/command_processor.js:10836)
	at <anonymous class>.DelayedCommand.prototype.execute/<(file:///C:/Users/ZHENGT~1/AppData/Local/Temp/anonymous1962534295310170649webdriver-profile/extensions/fxdriver@googlecode.com/components/command_processor.js:10778)
... Removed 28 stack frames]]>
    </failure>
  </testcase> <!-- test2 -->
</testsuite> <!-- Practice2(failed)(failed)(failed)(failed) -->
